{
  "RSpec": {
    "coverage": {
      "/Users/guillaumebouffard/Projects/chitter-challenge/spec/features/comments_in_the_browser_spec.rb": [
        1,
        1,
        1,
        1,
        null,
        1,
        1,
        1,
        1,
        1,
        1,
        1,
        null,
        null,
        null,
        1,
        1,
        9,
        9,
        9,
        null,
        null,
        1,
        1,
        1,
        1,
        null,
        null,
        1,
        1,
        null,
        null,
        1,
        1,
        1,
        1,
        1,
        null,
        null,
        1,
        1,
        1,
        1,
        1,
        1,
        null,
        null,
        1,
        1,
        1,
        null,
        null,
        1,
        1,
        1,
        1,
        1,
        null,
        null,
        1,
        1,
        1,
        1,
        null,
        null,
        1,
        1,
        1,
        1,
        null,
        null,
        1,
        1,
        1,
        1,
        1,
        null,
        null
      ],
      "/Users/guillaumebouffard/Projects/chitter-challenge/spec/features/helpers/comments_helper.rb": [
        1,
        1,
        5,
        5,
        null,
        null,
        null,
        null,
        null,
        1,
        1,
        null,
        null,
        null,
        1,
        null,
        null,
        1,
        9,
        9,
        9,
        9,
        9,
        9,
        9,
        null,
        null,
        1,
        1,
        1,
        null,
        null
      ],
      "/Users/guillaumebouffard/Projects/chitter-challenge/spec/features/peeps_in_the_browser_spec.rb": [
        1,
        1,
        1,
        1,
        null,
        1,
        1,
        1,
        1,
        1,
        1,
        null,
        null,
        null,
        1,
        1,
        9,
        9,
        null,
        null,
        1,
        1,
        1,
        1,
        null,
        null,
        1,
        1,
        null,
        null,
        1,
        1,
        1,
        1,
        1,
        null,
        null,
        1,
        1,
        1,
        1,
        1,
        1,
        null,
        null,
        1,
        1,
        1,
        null,
        null,
        1,
        1,
        1,
        1,
        1,
        1,
        null,
        null,
        1,
        1,
        1,
        1,
        null,
        null,
        1,
        1,
        1,
        1,
        null,
        null,
        1,
        1,
        1,
        1,
        null,
        null
      ],
      "/Users/guillaumebouffard/Projects/chitter-challenge/spec/features/helpers/peeps_helper.rb": [
        1,
        1,
        6,
        6,
        null,
        null,
        null,
        null,
        1,
        1,
        null,
        null,
        1,
        null,
        null,
        1,
        18,
        18,
        18,
        18,
        18,
        18,
        null,
        null,
        1,
        5,
        5,
        null,
        null
      ],
      "/Users/guillaumebouffard/Projects/chitter-challenge/spec/features/user_management_spec.rb": [
        1,
        1,
        1,
        null,
        1,
        1,
        2,
        1,
        null,
        null,
        1,
        2,
        null,
        null,
        1,
        2,
        1,
        1,
        null,
        null,
        1,
        2,
        null,
        null,
        1,
        2,
        2,
        1,
        null,
        null,
        null,
        1,
        1,
        2,
        null,
        null,
        1,
        1,
        1,
        1,
        1,
        null,
        null,
        1,
        1,
        1,
        1,
        1,
        null,
        null,
        null,
        1,
        1,
        1,
        1,
        1,
        1,
        1,
        null,
        null
      ],
      "/Users/guillaumebouffard/Projects/chitter-challenge/spec/features/helpers/users_helper.rb": [
        1,
        1,
        9,
        null,
        null,
        null,
        null,
        null,
        1,
        2,
        2,
        2,
        null,
        null,
        1,
        null,
        null,
        null,
        26,
        26,
        26,
        26,
        26,
        26,
        26,
        null,
        null,
        1,
        null,
        23,
        23,
        23,
        23,
        null,
        null
      ],
      "/Users/guillaumebouffard/Projects/chitter-challenge/spec/peep_spec.rb": [
        1,
        null,
        1,
        1,
        3,
        null,
        null,
        null,
        3,
        3,
        null,
        null,
        1,
        1,
        1,
        null,
        null,
        1,
        1,
        1,
        null,
        null,
        1,
        1,
        1,
        null,
        null
      ]
    },
    "timestamp": 1436372162
  }
}
